<?xml version="1.0" encoding="UTF-8"?>
<!-- Generated by org.testng.reporters.JUnitReportReporter -->
<testsuite hostname="IN-PF2RSDYR" failures="0" tests="2" name="TestNGTest.DataPrividerExample" time="5.843" errors="0" timestamp="2023-12-17T13:36:06 IST" skipped="0">
  <testcase classname="TestNGTest.DataPrividerExample" name="verifyData1" time="3.590"/>
  <system-out/>
  <testcase classname="TestNGTest.DataPrividerExample" name="verifyData1" time="2.253"/>
  <system-out/>
</testsuite> <!-- TestNGTest.DataPrividerExample -->
