<?xml version="1.0" encoding="UTF-8"?>
<!-- Generated by org.testng.reporters.JUnitReportReporter -->
<testsuite hostname="IN-PF2RSDYR" failures="0" tests="5" name="TestNGTest.PriorityExample" time="0.012" errors="0" timestamp="2023-12-17T13:14:04 IST" skipped="0">
  <testcase classname="TestNGTest.PriorityExample" name="product" time="0.008"/>
  <system-out/>
  <testcase classname="TestNGTest.PriorityExample" name="payment" time="0.001"/>
  <system-out/>
  <testcase classname="TestNGTest.PriorityExample" name="cart" time="0.001"/>
  <system-out/>
  <testcase classname="TestNGTest.PriorityExample" name="checkout" time="0.001"/>
  <system-out/>
  <testcase classname="TestNGTest.PriorityExample" name="login" time="0.001"/>
  <system-out/>
</testsuite> <!-- TestNGTest.PriorityExample -->
