<?xml version="1.0" encoding="UTF-8"?>
<!-- Generated by org.testng.reporters.JUnitReportReporter -->
<testsuite hostname="IN-PF2RSDYR" failures="0" tests="1" name="TestNGTest.ParametersExample" time="5.801" errors="0" timestamp="2023-12-17T13:30:42 IST" skipped="0">
  <testcase classname="TestNGTest.ParametersExample" name="TC_ProductPage" time="5.801"/>
  <system-out/>
</testsuite> <!-- TestNGTest.ParametersExample -->
