<?xml version="1.0" encoding="UTF-8"?>
<!-- Generated by org.testng.reporters.JUnitReportReporter -->
<testsuite hostname="IN-PF2RSDYR" failures="0" tests="2" name="Runner.TestNGTestRunner" time="12.393" errors="0" timestamp="2024-01-09T14:31:00 IST" skipped="0">
  <testcase classname="Runner.TestNGTestRunner" name="runScenario" time="4.469"/>
  <system-out/>
  <testcase classname="Runner.TestNGTestRunner" name="runScenario" time="7.924"/>
  <system-out/>
</testsuite> <!-- Runner.TestNGTestRunner -->
