<?xml version="1.0" encoding="UTF-8"?>
<!-- Generated by org.testng.reporters.JUnitReportReporter -->
<testsuite hostname="IN-PF2RSDYR" failures="0" tests="1" name="TestNGTest.ProductTest" time="7.463" errors="0" timestamp="2024-01-13T13:56:47 IST" skipped="0">
  <testcase classname="TestNGTest.ProductTest" name="TC_ProductPage1" time="7.463"/>
  <system-out/>
</testsuite> <!-- TestNGTest.ProductTest -->
